<?xml version="1.0" encoding="UTF-8"?>
<!-- Generated by org.testng.reporters.JUnitReportReporter -->
<testsuite hostname="DESKTOP-PP7J1KR" failures="0" tests="2" name="com.mystore.testcases.TC_ProductPageTest" time="22.003" errors="0" timestamp="2024-02-10T02:24:12 IST" skipped="1">
  <testcase classname="com.mystore.testcases.TC_ProductPageTest" name="enterSearchproduct" time="22.003"/>
  <testcase classname="com.mystore.testcases.TC_ProductPageTest" name="verifyLogin">
    <skipped/>
  </testcase> <!-- verifyLogin -->
</testsuite> <!-- com.mystore.testcases.TC_ProductPageTest -->
