<?xml version="1.0" encoding="UTF-8"?>
<!-- Generated by org.testng.reporters.JUnitReportReporter -->
<testsuite hostname="DESKTOP-PP7J1KR" failures="0" tests="1" name="com.mystore.testcases.TC_BuyProduct" time="34.009" errors="0" timestamp="2024-02-10T02:24:12 IST" skipped="0">
  <testcase classname="com.mystore.testcases.TC_BuyProduct" name="buyProduct" time="34.009"/>
</testsuite> <!-- com.mystore.testcases.TC_BuyProduct -->
