<?xml version="1.0" encoding="UTF-8"?>
<!-- Generated by org.testng.reporters.JUnitReportReporter -->
<testsuite hostname="DESKTOP-PP7J1KR" failures="0" tests="2" name="com.mystore.testcases.TC_MyAccountPageTestDataDrivenTesting" time="5.134" errors="0" timestamp="2024-02-10T02:24:12 IST" skipped="1">
  <testcase classname="com.mystore.testcases.TC_MyAccountPageTestDataDrivenTesting" name="verifyLogin" time="5.134"/>
  <testcase classname="com.mystore.testcases.TC_MyAccountPageTestDataDrivenTesting" name="verifyRegistationAndLogin">
    <skipped/>
  </testcase> <!-- verifyRegistationAndLogin -->
</testsuite> <!-- com.mystore.testcases.TC_MyAccountPageTestDataDrivenTesting -->
