<?xml version="1.0" encoding="UTF-8"?>
<!-- Generated by org.testng.reporters.JUnitReportReporter -->
<testsuite hostname="DESKTOP-PP7J1KR" failures="0" tests="2" name="com.mystore.testcases.TC_MyAccountPageTest" time="5.743" errors="0" timestamp="2024-02-10T03:01:19 IST" skipped="1">
  <testcase classname="com.mystore.testcases.TC_MyAccountPageTest" name="verifyLogin" time="5.743"/>
  <testcase classname="com.mystore.testcases.TC_MyAccountPageTest" name="verifyRegistationAndLogin">
    <skipped/>
  </testcase> <!-- verifyRegistationAndLogin -->
</testsuite> <!-- com.mystore.testcases.TC_MyAccountPageTest -->
